<?xml version="1.0" encoding="UTF-8" ?>
<testsuite tests="49" failures="0" name="com.alibaba.dubbo.remoting.buffer.ByteBufferBackedChannelBufferTest" time="0.028" errors="0" skipped="0">
  <properties>
[...]
</properties>
  <testcase classname="com.alibaba.dubbo.remoting.buffer.ByteBufferBackedChannelBufferTest" name="setIndexBoundaryCheck1" time="0.004"/>
  <testcase classname="com.alibaba.dubbo.remoting.buffer.ByteBufferBackedChannelBufferTest" name="setIndexBoundaryCheck2" time="0"/>
  <testcase classname="com.alibaba.dubbo.remoting.buffer.ByteBufferBackedChannelBufferTest" name="setIndexBoundaryCheck3" time="0"/>
  <testcase classname="com.alibaba.dubbo.remoting.buffer.ByteBufferBackedChannelBufferTest" name="getByteBoundaryCheck1" time="0"/>
  <testcase classname="com.alibaba.dubbo.remoting.buffer.ByteBufferBackedChannelBufferTest" name="getByteBoundaryCheck2" time="0.001"/>
  <testcase classname="com.alibaba.dubbo.remoting.buffer.ByteBufferBackedChannelBufferTest" name="copyBoundaryCheck1" time="0"/>
  <testcase classname="com.alibaba.dubbo.remoting.buffer.ByteBufferBackedChannelBufferTest" name="copyBoundaryCheck2" time="0"/>
  <testcase classname="com.alibaba.dubbo.remoting.buffer.ByteBufferBackedChannelBufferTest" name="copyBoundaryCheck3" time="0"/>
  <testcase classname="com.alibaba.dubbo.remoting.buffer.ByteBufferBackedChannelBufferTest" name="copyBoundaryCheck4" time="0"/>
  <testcase classname="com.alibaba.dubbo.remoting.buffer.ByteBufferBackedChannelBufferTest" name="testRandomByteAccess" time="0.002"/>
  <testcase classname="com.alibaba.dubbo.remoting.buffer.ByteBufferBackedChannelBufferTest" name="testSequentialByteBufferTransfer" time="0.001"/>
  <testcase classname="com.alibaba.dubbo.remoting.buffer.ByteBufferBackedChannelBufferTest" name="getDirectByteBufferState" time="0.001"/>
  <testcase classname="com.alibaba.dubbo.remoting.buffer.ByteBufferBackedChannelBufferTest" name="testCopy" time="0.002"/>
  <testcase classname="com.alibaba.dubbo.remoting.buffer.ByteBufferBackedChannelBufferTest" name="testSkipBytes1" time="0"/>
  <testcase classname="com.alibaba.dubbo.remoting.buffer.ByteBufferBackedChannelBufferTest" name="testRandomByteBufferTransfer" time="0"/>
  <testcase classname="com.alibaba.dubbo.remoting.buffer.ByteBufferBackedChannelBufferTest" name="testSequentialCopiedBufferTransfer1" time="0.004"/>
  <testcase classname="com.alibaba.dubbo.remoting.buffer.ByteBufferBackedChannelBufferTest" name="getDirectByteBufferBoundaryCheck" time="0.001"/>
  <testcase classname="com.alibaba.dubbo.remoting.buffer.ByteBufferBackedChannelBufferTest" name="initialState" time="0"/>
  <testcase classname="com.alibaba.dubbo.remoting.buffer.ByteBufferBackedChannelBufferTest" name="testSequentialByteArrayTransfer1" time="0"/>
  <testcase classname="com.alibaba.dubbo.remoting.buffer.ByteBufferBackedChannelBufferTest" name="testSequentialByteArrayTransfer2" time="0.002"/>
  <testcase classname="com.alibaba.dubbo.remoting.buffer.ByteBufferBackedChannelBufferTest" name="testRandomDirectBufferTransfer" time="0.003"/>
  <testcase classname="com.alibaba.dubbo.remoting.buffer.ByteBufferBackedChannelBufferTest" name="getByteArrayBoundaryCheck1" time="0"/>
  <testcase classname="com.alibaba.dubbo.remoting.buffer.ByteBufferBackedChannelBufferTest" name="getByteArrayBoundaryCheck2" time="0"/>
  <testcase classname="com.alibaba.dubbo.remoting.buffer.ByteBufferBackedChannelBufferTest" name="testRandomHeapBufferTransfer1" time="0"/>
  <testcase classname="com.alibaba.dubbo.remoting.buffer.ByteBufferBackedChannelBufferTest" name="testRandomHeapBufferTransfer2" time="0"/>
  <testcase classname="com.alibaba.dubbo.remoting.buffer.ByteBufferBackedChannelBufferTest" name="testByteArrayTransfer" time="0.001"/>
  <testcase classname="com.alibaba.dubbo.remoting.buffer.ByteBufferBackedChannelBufferTest" name="testStreamTransfer1" time="0"/>
  <testcase classname="com.alibaba.dubbo.remoting.buffer.ByteBufferBackedChannelBufferTest" name="testStreamTransfer2" time="0"/>
  <testcase classname="com.alibaba.dubbo.remoting.buffer.ByteBufferBackedChannelBufferTest" name="testRandomByteArrayTransfer1" time="0"/>
  <testcase classname="com.alibaba.dubbo.remoting.buffer.ByteBufferBackedChannelBufferTest" name="testRandomByteArrayTransfer2" time="0"/>
  <testcase classname="com.alibaba.dubbo.remoting.buffer.ByteBufferBackedChannelBufferTest" name="testSequentialHeapBufferTransfer1" time="0.001"/>
  <testcase classname="com.alibaba.dubbo.remoting.buffer.ByteBufferBackedChannelBufferTest" name="testSequentialHeapBufferTransfer2" time="0"/>
  <testcase classname="com.alibaba.dubbo.remoting.buffer.ByteBufferBackedChannelBufferTest" name="readerIndexBoundaryCheck1" time="0"/>
  <testcase classname="com.alibaba.dubbo.remoting.buffer.ByteBufferBackedChannelBufferTest" name="readerIndexBoundaryCheck2" time="0"/>
  <testcase classname="com.alibaba.dubbo.remoting.buffer.ByteBufferBackedChannelBufferTest" name="readerIndexBoundaryCheck3" time="0"/>
  <testcase classname="com.alibaba.dubbo.remoting.buffer.ByteBufferBackedChannelBufferTest" name="readerIndexBoundaryCheck4" time="0"/>
  <testcase classname="com.alibaba.dubbo.remoting.buffer.ByteBufferBackedChannelBufferTest" name="getByteBufferBoundaryCheck" time="0"/>
  <testcase classname="com.alibaba.dubbo.remoting.buffer.ByteBufferBackedChannelBufferTest" name="getByteBufferState" time="0"/>
  <testcase classname="com.alibaba.dubbo.remoting.buffer.ByteBufferBackedChannelBufferTest" name="testToByteBuffer1" time="0"/>
  <testcase classname="com.alibaba.dubbo.remoting.buffer.ByteBufferBackedChannelBufferTest" name="testToByteBuffer2" time="0.001"/>
  <testcase classname="com.alibaba.dubbo.remoting.buffer.ByteBufferBackedChannelBufferTest" name="writerIndexBoundaryCheck1" time="0"/>
  <testcase classname="com.alibaba.dubbo.remoting.buffer.ByteBufferBackedChannelBufferTest" name="writerIndexBoundaryCheck2" time="0"/>
  <testcase classname="com.alibaba.dubbo.remoting.buffer.ByteBufferBackedChannelBufferTest" name="writerIndexBoundaryCheck3" time="0"/>
  <testcase classname="com.alibaba.dubbo.remoting.buffer.ByteBufferBackedChannelBufferTest" name="writerIndexBoundaryCheck4" time="0"/>
  <testcase classname="com.alibaba.dubbo.remoting.buffer.ByteBufferBackedChannelBufferTest" name="testSequentialByteBufferBackedHeapBufferTransfer1" time="0.001"/>
  <testcase classname="com.alibaba.dubbo.remoting.buffer.ByteBufferBackedChannelBufferTest" name="testSequentialByteBufferBackedHeapBufferTransfer2" time="0"/>
  <testcase classname="com.alibaba.dubbo.remoting.buffer.ByteBufferBackedChannelBufferTest" name="testSequentialByteAccess" time="0.001"/>
  <testcase classname="com.alibaba.dubbo.remoting.buffer.ByteBufferBackedChannelBufferTest" name="testSequentialDirectBufferTransfer1" time="0.001"/>
  <testcase classname="com.alibaba.dubbo.remoting.buffer.ByteBufferBackedChannelBufferTest" name="testSequentialDirectBufferTransfer2" time="0.001"/>
</testsuite>