<?xml version="1.0" encoding="UTF-8" ?>
<testsuite tests="52" failures="0" name="com.alibaba.dubbo.remoting.buffer.DynamicChannelBufferTest" time="0.026" errors="0" skipped="0">
  <properties>
[...]
</properties>
  <testcase classname="com.alibaba.dubbo.remoting.buffer.DynamicChannelBufferTest" name="shouldNotFailOnInitialIndexUpdate" time="0"/>
  <testcase classname="com.alibaba.dubbo.remoting.buffer.DynamicChannelBufferTest" name="shouldNotFailOnInitialIndexUpdate2" time="0"/>
  <testcase classname="com.alibaba.dubbo.remoting.buffer.DynamicChannelBufferTest" name="shouldNotFailOnInitialIndexUpdate3" time="0"/>
  <testcase classname="com.alibaba.dubbo.remoting.buffer.DynamicChannelBufferTest" name="setIndexBoundaryCheck1" time="0"/>
  <testcase classname="com.alibaba.dubbo.remoting.buffer.DynamicChannelBufferTest" name="setIndexBoundaryCheck2" time="0"/>
  <testcase classname="com.alibaba.dubbo.remoting.buffer.DynamicChannelBufferTest" name="setIndexBoundaryCheck3" time="0"/>
  <testcase classname="com.alibaba.dubbo.remoting.buffer.DynamicChannelBufferTest" name="getByteBoundaryCheck1" time="0"/>
  <testcase classname="com.alibaba.dubbo.remoting.buffer.DynamicChannelBufferTest" name="getByteBoundaryCheck2" time="0"/>
  <testcase classname="com.alibaba.dubbo.remoting.buffer.DynamicChannelBufferTest" name="copyBoundaryCheck1" time="0"/>
  <testcase classname="com.alibaba.dubbo.remoting.buffer.DynamicChannelBufferTest" name="copyBoundaryCheck2" time="0"/>
  <testcase classname="com.alibaba.dubbo.remoting.buffer.DynamicChannelBufferTest" name="copyBoundaryCheck3" time="0.001"/>
  <testcase classname="com.alibaba.dubbo.remoting.buffer.DynamicChannelBufferTest" name="copyBoundaryCheck4" time="0"/>
  <testcase classname="com.alibaba.dubbo.remoting.buffer.DynamicChannelBufferTest" name="testRandomByteAccess" time="0.025"/>
  <testcase classname="com.alibaba.dubbo.remoting.buffer.DynamicChannelBufferTest" name="testSequentialByteBufferTransfer" time="0"/>
  <testcase classname="com.alibaba.dubbo.remoting.buffer.DynamicChannelBufferTest" name="getDirectByteBufferState" time="0"/>
  <testcase classname="com.alibaba.dubbo.remoting.buffer.DynamicChannelBufferTest" name="testCopy" time="0"/>
  <testcase classname="com.alibaba.dubbo.remoting.buffer.DynamicChannelBufferTest" name="testSkipBytes1" time="0"/>
  <testcase classname="com.alibaba.dubbo.remoting.buffer.DynamicChannelBufferTest" name="testRandomByteBufferTransfer" time="0"/>
  <testcase classname="com.alibaba.dubbo.remoting.buffer.DynamicChannelBufferTest" name="testSequentialCopiedBufferTransfer1" time="0"/>
  <testcase classname="com.alibaba.dubbo.remoting.buffer.DynamicChannelBufferTest" name="getDirectByteBufferBoundaryCheck" time="0"/>
  <testcase classname="com.alibaba.dubbo.remoting.buffer.DynamicChannelBufferTest" name="initialState" time="0"/>
  <testcase classname="com.alibaba.dubbo.remoting.buffer.DynamicChannelBufferTest" name="testSequentialByteArrayTransfer1" time="0"/>
  <testcase classname="com.alibaba.dubbo.remoting.buffer.DynamicChannelBufferTest" name="testSequentialByteArrayTransfer2" time="0"/>
  <testcase classname="com.alibaba.dubbo.remoting.buffer.DynamicChannelBufferTest" name="testRandomDirectBufferTransfer" time="0"/>
  <testcase classname="com.alibaba.dubbo.remoting.buffer.DynamicChannelBufferTest" name="getByteArrayBoundaryCheck1" time="0"/>
  <testcase classname="com.alibaba.dubbo.remoting.buffer.DynamicChannelBufferTest" name="getByteArrayBoundaryCheck2" time="0"/>
  <testcase classname="com.alibaba.dubbo.remoting.buffer.DynamicChannelBufferTest" name="testRandomHeapBufferTransfer1" time="0"/>
  <testcase classname="com.alibaba.dubbo.remoting.buffer.DynamicChannelBufferTest" name="testRandomHeapBufferTransfer2" time="0"/>
  <testcase classname="com.alibaba.dubbo.remoting.buffer.DynamicChannelBufferTest" name="testByteArrayTransfer" time="0"/>
  <testcase classname="com.alibaba.dubbo.remoting.buffer.DynamicChannelBufferTest" name="testStreamTransfer1" time="0"/>
  <testcase classname="com.alibaba.dubbo.remoting.buffer.DynamicChannelBufferTest" name="testStreamTransfer2" time="0"/>
  <testcase classname="com.alibaba.dubbo.remoting.buffer.DynamicChannelBufferTest" name="testRandomByteArrayTransfer1" time="0"/>
  <testcase classname="com.alibaba.dubbo.remoting.buffer.DynamicChannelBufferTest" name="testRandomByteArrayTransfer2" time="0"/>
  <testcase classname="com.alibaba.dubbo.remoting.buffer.DynamicChannelBufferTest" name="testSequentialHeapBufferTransfer1" time="0"/>
  <testcase classname="com.alibaba.dubbo.remoting.buffer.DynamicChannelBufferTest" name="testSequentialHeapBufferTransfer2" time="0"/>
  <testcase classname="com.alibaba.dubbo.remoting.buffer.DynamicChannelBufferTest" name="readerIndexBoundaryCheck1" time="0"/>
  <testcase classname="com.alibaba.dubbo.remoting.buffer.DynamicChannelBufferTest" name="readerIndexBoundaryCheck2" time="0"/>
  <testcase classname="com.alibaba.dubbo.remoting.buffer.DynamicChannelBufferTest" name="readerIndexBoundaryCheck3" time="0"/>
  <testcase classname="com.alibaba.dubbo.remoting.buffer.DynamicChannelBufferTest" name="readerIndexBoundaryCheck4" time="0"/>
  <testcase classname="com.alibaba.dubbo.remoting.buffer.DynamicChannelBufferTest" name="getByteBufferBoundaryCheck" time="0"/>
  <testcase classname="com.alibaba.dubbo.remoting.buffer.DynamicChannelBufferTest" name="getByteBufferState" time="0"/>
  <testcase classname="com.alibaba.dubbo.remoting.buffer.DynamicChannelBufferTest" name="testToByteBuffer1" time="0"/>
  <testcase classname="com.alibaba.dubbo.remoting.buffer.DynamicChannelBufferTest" name="testToByteBuffer2" time="0"/>
  <testcase classname="com.alibaba.dubbo.remoting.buffer.DynamicChannelBufferTest" name="writerIndexBoundaryCheck1" time="0"/>
  <testcase classname="com.alibaba.dubbo.remoting.buffer.DynamicChannelBufferTest" name="writerIndexBoundaryCheck2" time="0"/>
  <testcase classname="com.alibaba.dubbo.remoting.buffer.DynamicChannelBufferTest" name="writerIndexBoundaryCheck3" time="0"/>
  <testcase classname="com.alibaba.dubbo.remoting.buffer.DynamicChannelBufferTest" name="writerIndexBoundaryCheck4" time="0"/>
  <testcase classname="com.alibaba.dubbo.remoting.buffer.DynamicChannelBufferTest" name="testSequentialByteBufferBackedHeapBufferTransfer1" time="0"/>
  <testcase classname="com.alibaba.dubbo.remoting.buffer.DynamicChannelBufferTest" name="testSequentialByteBufferBackedHeapBufferTransfer2" time="0"/>
  <testcase classname="com.alibaba.dubbo.remoting.buffer.DynamicChannelBufferTest" name="testSequentialByteAccess" time="0"/>
  <testcase classname="com.alibaba.dubbo.remoting.buffer.DynamicChannelBufferTest" name="testSequentialDirectBufferTransfer1" time="0"/>
  <testcase classname="com.alibaba.dubbo.remoting.buffer.DynamicChannelBufferTest" name="testSequentialDirectBufferTransfer2" time="0"/>
</testsuite>