<?xml version="1.0" encoding="UTF-8" ?>
<testsuite tests="34" failures="0" name="com.alibaba.dubbo.remoting.codec.ExchangeCodecTest" time="0.07" errors="0" skipped="0">
  <properties>
[...]
</properties>
  <testcase classname="com.alibaba.dubbo.remoting.codec.ExchangeCodecTest" name="test_Decode_Return_Response_Error" time="0.037"/>
  <testcase classname="com.alibaba.dubbo.remoting.codec.ExchangeCodecTest" name="test_Encode_Request" time="0.004"/>
  <testcase classname="com.alibaba.dubbo.remoting.codec.ExchangeCodecTest" name="testMessageLengthExceedPayloadLimitWhenEncode" time="0.01"/>
  <testcase classname="com.alibaba.dubbo.remoting.codec.ExchangeCodecTest" name="test_Decode_Return_Request_Event_Object" time="0.001"/>
  <testcase classname="com.alibaba.dubbo.remoting.codec.ExchangeCodecTest" name="test_Decode_Return_Request_Event_String" time="0.001"/>
  <testcase classname="com.alibaba.dubbo.remoting.codec.ExchangeCodecTest" name="testMessageLengthGreaterThanMessageActualLength" time="0.001"/>
  <testcase classname="com.alibaba.dubbo.remoting.codec.ExchangeCodecTest" name="test_Decode_MigicCodec_Contain_ExchangeHeader" time="0.001"/>
  <testcase classname="com.alibaba.dubbo.remoting.codec.ExchangeCodecTest" name="test_Decode_Error_Response_Object" time="0"/>
  <testcase classname="com.alibaba.dubbo.remoting.codec.ExchangeCodecTest" name="test_Header_Response_NoSerializationFlag" time="0.003"/>
  <testcase classname="com.alibaba.dubbo.remoting.codec.ExchangeCodecTest" name="test_Decode_Return_Request_Object" time="0.001"/>
  <testcase classname="com.alibaba.dubbo.remoting.codec.ExchangeCodecTest" name="test_Decode_Check_Payload" time="0.004"/>
  <testcase classname="com.alibaba.dubbo.remoting.codec.ExchangeCodecTest" name="test_Decode_Error_Request_Object" time="0"/>
  <testcase classname="com.alibaba.dubbo.remoting.codec.ExchangeCodecTest" name="test_Decode_Error_MagicNum" time="0"/>
  <testcase classname="com.alibaba.dubbo.remoting.codec.ExchangeCodecTest" name="test_Encode_Response" time="0.001"/>
  <testcase classname="com.alibaba.dubbo.remoting.codec.ExchangeCodecTest" name="test_Encode_Error_Response" time="0.002"/>
  <testcase classname="com.alibaba.dubbo.remoting.codec.ExchangeCodecTest" name="test_Decode_Header_Need_Readmore" time="0"/>
  <testcase classname="com.alibaba.dubbo.remoting.codec.ExchangeCodecTest" name="test_Decode_Return_Request_Heartbeat_Object" time="0.002"/>
  <testcase classname="com.alibaba.dubbo.remoting.codec.ExchangeCodecTest" name="test_Decode_Error_Length" time="0"/>
  <testcase classname="com.alibaba.dubbo.remoting.codec.ExchangeCodecTest" name="test_Header_Response_Heartbeat" time="0"/>
  <testcase classname="com.alibaba.dubbo.remoting.codec.ExchangeCodecTest" name="test_Decode_Body_Need_Readmore" time="0"/>
  <testcase classname="com.alibaba.dubbo.remoting.codec.ExchangeCodecTest" name="test_Decode_Return_Response_Person" time="0"/>
  <testcase classname="com.alibaba.dubbo.remoting.codec.ExchangeCodecTest" name="testDecode_UPorDOWN_WithError" time="0"/>
  <testcase classname="com.alibaba.dubbo.remoting.codec.ExchangeCodecTest" name="testDecode_String_NoEnter" time="0.001"/>
  <testcase classname="com.alibaba.dubbo.remoting.codec.ExchangeCodecTest" name="testEncode_String_ClientSide" time="0"/>
  <testcase classname="com.alibaba.dubbo.remoting.codec.ExchangeCodecTest" name="testDecode_String_WithEnter" time="0"/>
  <testcase classname="com.alibaba.dubbo.remoting.codec.ExchangeCodecTest" name="testDecode_History_UP" time="0"/>
  <testcase classname="com.alibaba.dubbo.remoting.codec.ExchangeCodecTest" name="testDecode_Backspace_WithError" time="0.001"/>
  <testcase classname="com.alibaba.dubbo.remoting.codec.ExchangeCodecTest" name="testDecode_Person_ObjectOnly" time="0"/>
  <testcase classname="com.alibaba.dubbo.remoting.codec.ExchangeCodecTest" name="testDecode_String_MiddleWithEnter" time="0"/>
  <testcase classname="com.alibaba.dubbo.remoting.codec.ExchangeCodecTest" name="testDecode_Backspace" time="0"/>
  <testcase classname="com.alibaba.dubbo.remoting.codec.ExchangeCodecTest" name="testDecode_String_ClientSide" time="0"/>
  <testcase classname="com.alibaba.dubbo.remoting.codec.ExchangeCodecTest" name="testDecode_BlankMessage" time="0"/>
  <testcase classname="com.alibaba.dubbo.remoting.codec.ExchangeCodecTest" name="testDecode_WithExitByte" time="0"/>
  <testcase classname="com.alibaba.dubbo.remoting.codec.ExchangeCodecTest" name="testDecode_Person_WithEnter" time="0"/>
</testsuite>