<?xml version="1.0" encoding="UTF-8" ?>
<testsuite tests="4" failures="0" name="com.alibaba.dubbo.registry.consul.ConsulRegistryTest" time="3.211" errors="3" skipped="0">
  <properties>
[...]
</properties>
  <testcase classname="com.alibaba.dubbo.registry.consul.ConsulRegistryTest" name="testDeregister" time="1.063">
    <error message="Failed to unregister dubbo://192.168.11.1:20880/com.alibaba.dubbo.test.injvmServie?methods=test1,test2&amp;notify=false to registry localhost:8500, cause: org.apache.http.conn.HttpHostConnectException: Connect to localhost:8500 [localhost/127.0.0.1] failed: Connection refused: connect" type="java.lang.IllegalStateException">java.lang.IllegalStateException: Failed to unregister dubbo://192.168.11.1:20880/com.alibaba.dubbo.test.injvmServie?methods=test1,test2&amp;notify=false to registry localhost:8500, cause: org.apache.http.conn.HttpHostConnectException: Connect to localhost:8500 [localhost/127.0.0.1] failed: Connection refused: connect
	at com.alibaba.dubbo.registry.support.FailbackRegistry.unregister(FailbackRegistry.java:173)
	at com.alibaba.dubbo.registry.consul.ConsulRegistryTest.testDeregister(ConsulRegistryTest.java:56)
	at sun.reflect.NativeMethodAccessorImpl.invoke0(Native Method)
	at sun.reflect.NativeMethodAccessorImpl.invoke(NativeMethodAccessorImpl.java:62)
	at sun.reflect.DelegatingMethodAccessorImpl.invoke(DelegatingMethodAccessorImpl.java:43)
	at java.lang.reflect.Method.invoke(Method.java:497)
	at org.junit.runners.model.FrameworkMethod$1.runReflectiveCall(FrameworkMethod.java:50)
	at org.junit.internal.runners.model.ReflectiveCallable.run(ReflectiveCallable.java:12)
	at org.junit.runners.model.FrameworkMethod.invokeExplosively(FrameworkMethod.java:47)
	at org.junit.internal.runners.statements.InvokeMethod.evaluate(InvokeMethod.java:17)
	at org.junit.runners.ParentRunner.runLeaf(ParentRunner.java:325)
	at org.junit.runners.BlockJUnit4ClassRunner.runChild(BlockJUnit4ClassRunner.java:78)
	at org.junit.runners.BlockJUnit4ClassRunner.runChild(BlockJUnit4ClassRunner.java:57)
	at org.junit.runners.ParentRunner$3.run(ParentRunner.java:290)
	at org.junit.runners.ParentRunner$1.schedule(ParentRunner.java:71)
	at org.junit.runners.ParentRunner.runChildren(ParentRunner.java:288)
	at org.junit.runners.ParentRunner.access$000(ParentRunner.java:58)
	at org.junit.runners.ParentRunner$2.evaluate(ParentRunner.java:268)
	at org.junit.runners.ParentRunner.run(ParentRunner.java:363)
	at org.apache.maven.surefire.junit4.JUnit4Provider.execute(JUnit4Provider.java:252)
	at org.apache.maven.surefire.junit4.JUnit4Provider.executeTestSet(JUnit4Provider.java:141)
	at org.apache.maven.surefire.junit4.JUnit4Provider.invoke(JUnit4Provider.java:112)
	at sun.reflect.NativeMethodAccessorImpl.invoke0(Native Method)
	at sun.reflect.NativeMethodAccessorImpl.invoke(NativeMethodAccessorImpl.java:62)
	at sun.reflect.DelegatingMethodAccessorImpl.invoke(DelegatingMethodAccessorImpl.java:43)
	at java.lang.reflect.Method.invoke(Method.java:497)
	at org.apache.maven.surefire.util.ReflectionUtils.invokeMethodWithArray(ReflectionUtils.java:189)
	at org.apache.maven.surefire.booter.ProviderFactory$ProviderProxy.invoke(ProviderFactory.java:165)
	at org.apache.maven.surefire.booter.ProviderFactory.invokeProvider(ProviderFactory.java:85)
	at org.apache.maven.surefire.booter.ForkedBooter.runSuitesInProcess(ForkedBooter.java:115)
	at org.apache.maven.surefire.booter.ForkedBooter.main(ForkedBooter.java:75)
Caused by: com.ecwid.consul.transport.TransportException: org.apache.http.conn.HttpHostConnectException: Connect to localhost:8500 [localhost/127.0.0.1] failed: Connection refused: connect
	at com.ecwid.consul.transport.AbstractHttpTransport.executeRequest(AbstractHttpTransport.java:77)
	at com.ecwid.consul.transport.AbstractHttpTransport.makePutRequest(AbstractHttpTransport.java:41)
	at com.ecwid.consul.v1.ConsulRawClient.makePutRequest(ConsulRawClient.java:135)
	at com.ecwid.consul.v1.agent.AgentConsulClient.agentServiceDeregister(AgentConsulClient.java:291)
	at com.ecwid.consul.v1.agent.AgentConsulClient.agentServiceDeregister(AgentConsulClient.java:284)
	at com.ecwid.consul.v1.ConsulClient.agentServiceDeregister(ConsulClient.java:314)
	at com.alibaba.dubbo.registry.consul.ConsulRegistry.doUnregister(ConsulRegistry.java:82)
	at com.alibaba.dubbo.registry.support.FailbackRegistry.unregister(FailbackRegistry.java:160)
	... 30 more
Caused by: org.apache.http.conn.HttpHostConnectException: Connect to localhost:8500 [localhost/127.0.0.1] failed: Connection refused: connect
	at org.apache.http.impl.conn.DefaultHttpClientConnectionOperator.connect(DefaultHttpClientConnectionOperator.java:159)
	at org.apache.http.impl.conn.PoolingHttpClientConnectionManager.connect(PoolingHttpClientConnectionManager.java:373)
	at org.apache.http.impl.execchain.MainClientExec.establishRoute(MainClientExec.java:381)
	at org.apache.http.impl.execchain.MainClientExec.execute(MainClientExec.java:237)
	at org.apache.http.impl.execchain.ProtocolExec.execute(ProtocolExec.java:185)
	at org.apache.http.impl.execchain.RetryExec.execute(RetryExec.java:89)
	at org.apache.http.impl.execchain.RedirectExec.execute(RedirectExec.java:111)
	at org.apache.http.impl.client.InternalHttpClient.doExecute(InternalHttpClient.java:185)
	at org.apache.http.impl.client.CloseableHttpClient.execute(CloseableHttpClient.java:72)
	at org.apache.http.impl.client.CloseableHttpClient.execute(CloseableHttpClient.java:221)
	at org.apache.http.impl.client.CloseableHttpClient.execute(CloseableHttpClient.java:165)
	at org.apache.http.impl.client.CloseableHttpClient.execute(CloseableHttpClient.java:140)
	at com.ecwid.consul.transport.AbstractHttpTransport.executeRequest(AbstractHttpTransport.java:61)
	... 37 more
Caused by: java.net.ConnectException: Connection refused: connect
	at java.net.DualStackPlainSocketImpl.waitForConnect(Native Method)
	at java.net.DualStackPlainSocketImpl.socketConnect(DualStackPlainSocketImpl.java:85)
	at java.net.AbstractPlainSocketImpl.doConnect(AbstractPlainSocketImpl.java:350)
	at java.net.AbstractPlainSocketImpl.connectToAddress(AbstractPlainSocketImpl.java:206)
	at java.net.AbstractPlainSocketImpl.connect(AbstractPlainSocketImpl.java:188)
	at java.net.PlainSocketImpl.connect(PlainSocketImpl.java:172)
	at java.net.SocksSocketImpl.connect(SocksSocketImpl.java:392)
	at java.net.Socket.connect(Socket.java:589)
	at org.apache.http.conn.socket.PlainConnectionSocketFactory.connectSocket(PlainConnectionSocketFactory.java:75)
	at org.apache.http.impl.conn.DefaultHttpClientConnectionOperator.connect(DefaultHttpClientConnectionOperator.java:142)
	... 49 more
</error>
    <system-out>17:17:33.565 [main] INFO com.alibaba.dubbo.common.logger.LoggerFactory - using logger: com.alibaba.dubbo.common.logger.slf4j.Slf4jLoggerAdapter
17:17:33.648 [main] INFO com.alibaba.dubbo.registry.consul.ConsulRegistry -  [DUBBO] Load registry store file C:\Users\fei.chen\.dubbo\dubbo-registry-localhost.cache, data: {com.alibaba.dubbo.examples.generic.api.IUserService=empty://172.16.200.64:20880/com.alibaba.dubbo.examples.generic.api.IUserService?anyhost=true&amp;application=generic-generic&amp;category=configurators&amp;check=false&amp;deprecated=true&amp;dubbo=2.0.0&amp;generic=false&amp;interface=com.alibaba.dubbo.examples.generic.api.IUserService&amp;methods=get&amp;pid=2712&amp;side=provider&amp;timestamp=1545094423814, com.alibaba.dubbo.examples.validation.api.ValidationService=empty://172.16.200.64/com.alibaba.dubbo.examples.validation.api.ValidationService?application=validation-consumer&amp;category=configurators&amp;dubbo=2.0.0&amp;interface=com.alibaba.dubbo.examples.validation.api.ValidationService&amp;methods=save,update,delete&amp;pid=11900&amp;save.retries=5&amp;side=consumer&amp;timeout=3000&amp;timestamp=1545093979225&amp;validation=true empty://172.16.200.64/com.alibaba.dubbo.examples.validation.api.ValidationService?application=validation-consumer&amp;category=routers&amp;dubbo=2.0.0&amp;interface=com.alibaba.dubbo.examples.validation.api.ValidationService&amp;methods=save,update,delete&amp;pid=11900&amp;save.retries=5&amp;side=consumer&amp;timeout=3000&amp;timestamp=1545093979225&amp;validation=true empty://172.16.200.64/com.alibaba.dubbo.examples.validation.api.ValidationService?application=validation-consumer&amp;category=providers&amp;dubbo=2.0.0&amp;interface=com.alibaba.dubbo.examples.validation.api.ValidationService&amp;methods=save,update,delete&amp;pid=11900&amp;save.retries=5&amp;side=consumer&amp;timeout=3000&amp;timestamp=1545093979225&amp;validation=true}, dubbo version: 3.0.0-SNAPSHOT, current host: 127.0.0.1
17:17:35.217 [main] INFO com.alibaba.dubbo.registry.consul.ConsulRegistry -  [DUBBO] Unregister: dubbo://192.168.11.1:20880/com.alibaba.dubbo.test.injvmServie?methods=test1,test2&amp;notify=false, dubbo version: 3.0.0-SNAPSHOT, current host: 127.0.0.1
</system-out>
  </testcase>
  <testcase classname="com.alibaba.dubbo.registry.consul.ConsulRegistryTest" name="testIsAvailable" time="1.01">
    <error message="org.apache.http.conn.HttpHostConnectException: Connect to localhost:8500 [localhost/127.0.0.1] failed: Connection refused: connect" type="com.ecwid.consul.transport.TransportException">com.ecwid.consul.transport.TransportException: org.apache.http.conn.HttpHostConnectException: Connect to localhost:8500 [localhost/127.0.0.1] failed: Connection refused: connect
	at com.ecwid.consul.transport.AbstractHttpTransport.executeRequest(AbstractHttpTransport.java:77)
	at com.ecwid.consul.transport.AbstractHttpTransport.makeGetRequest(AbstractHttpTransport.java:34)
	at com.ecwid.consul.v1.ConsulRawClient.makeGetRequest(ConsulRawClient.java:128)
	at com.ecwid.consul.v1.coordinate.CoordinateConsulClient.getDatacenters(CoordinateConsulClient.java:28)
	at com.ecwid.consul.v1.ConsulClient.getDatacenters(ConsulClient.java:405)
	at com.alibaba.dubbo.registry.consul.ConsulRegistry.isAvailable(ConsulRegistry.java:54)
	at com.alibaba.dubbo.registry.consul.ConsulRegistryTest.testIsAvailable(ConsulRegistryTest.java:40)
	at sun.reflect.NativeMethodAccessorImpl.invoke0(Native Method)
	at sun.reflect.NativeMethodAccessorImpl.invoke(NativeMethodAccessorImpl.java:62)
	at sun.reflect.DelegatingMethodAccessorImpl.invoke(DelegatingMethodAccessorImpl.java:43)
	at java.lang.reflect.Method.invoke(Method.java:497)
	at org.junit.runners.model.FrameworkMethod$1.runReflectiveCall(FrameworkMethod.java:50)
	at org.junit.internal.runners.model.ReflectiveCallable.run(ReflectiveCallable.java:12)
	at org.junit.runners.model.FrameworkMethod.invokeExplosively(FrameworkMethod.java:47)
	at org.junit.internal.runners.statements.InvokeMethod.evaluate(InvokeMethod.java:17)
	at org.junit.runners.ParentRunner.runLeaf(ParentRunner.java:325)
	at org.junit.runners.BlockJUnit4ClassRunner.runChild(BlockJUnit4ClassRunner.java:78)
	at org.junit.runners.BlockJUnit4ClassRunner.runChild(BlockJUnit4ClassRunner.java:57)
	at org.junit.runners.ParentRunner$3.run(ParentRunner.java:290)
	at org.junit.runners.ParentRunner$1.schedule(ParentRunner.java:71)
	at org.junit.runners.ParentRunner.runChildren(ParentRunner.java:288)
	at org.junit.runners.ParentRunner.access$000(ParentRunner.java:58)
	at org.junit.runners.ParentRunner$2.evaluate(ParentRunner.java:268)
	at org.junit.runners.ParentRunner.run(ParentRunner.java:363)
	at org.apache.maven.surefire.junit4.JUnit4Provider.execute(JUnit4Provider.java:252)
	at org.apache.maven.surefire.junit4.JUnit4Provider.executeTestSet(JUnit4Provider.java:141)
	at org.apache.maven.surefire.junit4.JUnit4Provider.invoke(JUnit4Provider.java:112)
	at sun.reflect.NativeMethodAccessorImpl.invoke0(Native Method)
	at sun.reflect.NativeMethodAccessorImpl.invoke(NativeMethodAccessorImpl.java:62)
	at sun.reflect.DelegatingMethodAccessorImpl.invoke(DelegatingMethodAccessorImpl.java:43)
	at java.lang.reflect.Method.invoke(Method.java:497)
	at org.apache.maven.surefire.util.ReflectionUtils.invokeMethodWithArray(ReflectionUtils.java:189)
	at org.apache.maven.surefire.booter.ProviderFactory$ProviderProxy.invoke(ProviderFactory.java:165)
	at org.apache.maven.surefire.booter.ProviderFactory.invokeProvider(ProviderFactory.java:85)
	at org.apache.maven.surefire.booter.ForkedBooter.runSuitesInProcess(ForkedBooter.java:115)
	at org.apache.maven.surefire.booter.ForkedBooter.main(ForkedBooter.java:75)
Caused by: org.apache.http.conn.HttpHostConnectException: Connect to localhost:8500 [localhost/127.0.0.1] failed: Connection refused: connect
	at org.apache.http.impl.conn.DefaultHttpClientConnectionOperator.connect(DefaultHttpClientConnectionOperator.java:159)
	at org.apache.http.impl.conn.PoolingHttpClientConnectionManager.connect(PoolingHttpClientConnectionManager.java:373)
	at org.apache.http.impl.execchain.MainClientExec.establishRoute(MainClientExec.java:381)
	at org.apache.http.impl.execchain.MainClientExec.execute(MainClientExec.java:237)
	at org.apache.http.impl.execchain.ProtocolExec.execute(ProtocolExec.java:185)
	at org.apache.http.impl.execchain.RetryExec.execute(RetryExec.java:89)
	at org.apache.http.impl.execchain.RedirectExec.execute(RedirectExec.java:111)
	at org.apache.http.impl.client.InternalHttpClient.doExecute(InternalHttpClient.java:185)
	at org.apache.http.impl.client.CloseableHttpClient.execute(CloseableHttpClient.java:72)
	at org.apache.http.impl.client.CloseableHttpClient.execute(CloseableHttpClient.java:221)
	at org.apache.http.impl.client.CloseableHttpClient.execute(CloseableHttpClient.java:165)
	at org.apache.http.impl.client.CloseableHttpClient.execute(CloseableHttpClient.java:140)
	at com.ecwid.consul.transport.AbstractHttpTransport.executeRequest(AbstractHttpTransport.java:61)
	... 35 more
Caused by: java.net.ConnectException: Connection refused: connect
	at java.net.DualStackPlainSocketImpl.waitForConnect(Native Method)
	at java.net.DualStackPlainSocketImpl.socketConnect(DualStackPlainSocketImpl.java:85)
	at java.net.AbstractPlainSocketImpl.doConnect(AbstractPlainSocketImpl.java:350)
	at java.net.AbstractPlainSocketImpl.connectToAddress(AbstractPlainSocketImpl.java:206)
	at java.net.AbstractPlainSocketImpl.connect(AbstractPlainSocketImpl.java:188)
	at java.net.PlainSocketImpl.connect(PlainSocketImpl.java:172)
	at java.net.SocksSocketImpl.connect(SocksSocketImpl.java:392)
	at java.net.Socket.connect(Socket.java:589)
	at org.apache.http.conn.socket.PlainConnectionSocketFactory.connectSocket(PlainConnectionSocketFactory.java:75)
	at org.apache.http.impl.conn.DefaultHttpClientConnectionOperator.connect(DefaultHttpClientConnectionOperator.java:142)
	... 47 more
</error>
    <system-out>17:17:36.286 [main] INFO com.alibaba.dubbo.registry.consul.ConsulRegistry -  [DUBBO] Load registry store file C:\Users\fei.chen\.dubbo\dubbo-registry-localhost.cache, data: {com.alibaba.dubbo.examples.generic.api.IUserService=empty://172.16.200.64:20880/com.alibaba.dubbo.examples.generic.api.IUserService?anyhost=true&amp;application=generic-generic&amp;category=configurators&amp;check=false&amp;deprecated=true&amp;dubbo=2.0.0&amp;generic=false&amp;interface=com.alibaba.dubbo.examples.generic.api.IUserService&amp;methods=get&amp;pid=2712&amp;side=provider&amp;timestamp=1545094423814, com.alibaba.dubbo.examples.validation.api.ValidationService=empty://172.16.200.64/com.alibaba.dubbo.examples.validation.api.ValidationService?application=validation-consumer&amp;category=configurators&amp;dubbo=2.0.0&amp;interface=com.alibaba.dubbo.examples.validation.api.ValidationService&amp;methods=save,update,delete&amp;pid=11900&amp;save.retries=5&amp;side=consumer&amp;timeout=3000&amp;timestamp=1545093979225&amp;validation=true empty://172.16.200.64/com.alibaba.dubbo.examples.validation.api.ValidationService?application=validation-consumer&amp;category=routers&amp;dubbo=2.0.0&amp;interface=com.alibaba.dubbo.examples.validation.api.ValidationService&amp;methods=save,update,delete&amp;pid=11900&amp;save.retries=5&amp;side=consumer&amp;timeout=3000&amp;timestamp=1545093979225&amp;validation=true empty://172.16.200.64/com.alibaba.dubbo.examples.validation.api.ValidationService?application=validation-consumer&amp;category=providers&amp;dubbo=2.0.0&amp;interface=com.alibaba.dubbo.examples.validation.api.ValidationService&amp;methods=save,update,delete&amp;pid=11900&amp;save.retries=5&amp;side=consumer&amp;timeout=3000&amp;timestamp=1545093979225&amp;validation=true}, dubbo version: 3.0.0-SNAPSHOT, current host: 127.0.0.1
</system-out>
  </testcase>
  <testcase classname="com.alibaba.dubbo.registry.consul.ConsulRegistryTest" name="testRegister" time="1.137">
    <error message="Failed to register dubbo://192.168.11.1:20880/com.alibaba.dubbo.test.injvmServie?methods=test1,test2&amp;notify=false to registry localhost:8500, cause: org.apache.http.conn.HttpHostConnectException: Connect to localhost:8500 [localhost/127.0.0.1] failed: Connection refused: connect" type="java.lang.IllegalStateException">java.lang.IllegalStateException: Failed to register dubbo://192.168.11.1:20880/com.alibaba.dubbo.test.injvmServie?methods=test1,test2&amp;notify=false to registry localhost:8500, cause: org.apache.http.conn.HttpHostConnectException: Connect to localhost:8500 [localhost/127.0.0.1] failed: Connection refused: connect
	at com.alibaba.dubbo.registry.support.FailbackRegistry.register(FailbackRegistry.java:143)
	at com.alibaba.dubbo.registry.consul.ConsulRegistryTest.testRegister(ConsulRegistryTest.java:48)
	at sun.reflect.NativeMethodAccessorImpl.invoke0(Native Method)
	at sun.reflect.NativeMethodAccessorImpl.invoke(NativeMethodAccessorImpl.java:62)
	at sun.reflect.DelegatingMethodAccessorImpl.invoke(DelegatingMethodAccessorImpl.java:43)
	at java.lang.reflect.Method.invoke(Method.java:497)
	at org.junit.runners.model.FrameworkMethod$1.runReflectiveCall(FrameworkMethod.java:50)
	at org.junit.internal.runners.model.ReflectiveCallable.run(ReflectiveCallable.java:12)
	at org.junit.runners.model.FrameworkMethod.invokeExplosively(FrameworkMethod.java:47)
	at org.junit.internal.runners.statements.InvokeMethod.evaluate(InvokeMethod.java:17)
	at org.junit.runners.ParentRunner.runLeaf(ParentRunner.java:325)
	at org.junit.runners.BlockJUnit4ClassRunner.runChild(BlockJUnit4ClassRunner.java:78)
	at org.junit.runners.BlockJUnit4ClassRunner.runChild(BlockJUnit4ClassRunner.java:57)
	at org.junit.runners.ParentRunner$3.run(ParentRunner.java:290)
	at org.junit.runners.ParentRunner$1.schedule(ParentRunner.java:71)
	at org.junit.runners.ParentRunner.runChildren(ParentRunner.java:288)
	at org.junit.runners.ParentRunner.access$000(ParentRunner.java:58)
	at org.junit.runners.ParentRunner$2.evaluate(ParentRunner.java:268)
	at org.junit.runners.ParentRunner.run(ParentRunner.java:363)
	at org.apache.maven.surefire.junit4.JUnit4Provider.execute(JUnit4Provider.java:252)
	at org.apache.maven.surefire.junit4.JUnit4Provider.executeTestSet(JUnit4Provider.java:141)
	at org.apache.maven.surefire.junit4.JUnit4Provider.invoke(JUnit4Provider.java:112)
	at sun.reflect.NativeMethodAccessorImpl.invoke0(Native Method)
	at sun.reflect.NativeMethodAccessorImpl.invoke(NativeMethodAccessorImpl.java:62)
	at sun.reflect.DelegatingMethodAccessorImpl.invoke(DelegatingMethodAccessorImpl.java:43)
	at java.lang.reflect.Method.invoke(Method.java:497)
	at org.apache.maven.surefire.util.ReflectionUtils.invokeMethodWithArray(ReflectionUtils.java:189)
	at org.apache.maven.surefire.booter.ProviderFactory$ProviderProxy.invoke(ProviderFactory.java:165)
	at org.apache.maven.surefire.booter.ProviderFactory.invokeProvider(ProviderFactory.java:85)
	at org.apache.maven.surefire.booter.ForkedBooter.runSuitesInProcess(ForkedBooter.java:115)
	at org.apache.maven.surefire.booter.ForkedBooter.main(ForkedBooter.java:75)
Caused by: com.ecwid.consul.transport.TransportException: org.apache.http.conn.HttpHostConnectException: Connect to localhost:8500 [localhost/127.0.0.1] failed: Connection refused: connect
	at com.ecwid.consul.transport.AbstractHttpTransport.executeRequest(AbstractHttpTransport.java:77)
	at com.ecwid.consul.transport.AbstractHttpTransport.makePutRequest(AbstractHttpTransport.java:41)
	at com.ecwid.consul.v1.ConsulRawClient.makePutRequest(ConsulRawClient.java:135)
	at com.ecwid.consul.v1.agent.AgentConsulClient.agentServiceRegister(AgentConsulClient.java:273)
	at com.ecwid.consul.v1.agent.AgentConsulClient.agentServiceRegister(AgentConsulClient.java:265)
	at com.ecwid.consul.v1.ConsulClient.agentServiceRegister(ConsulClient.java:304)
	at com.alibaba.dubbo.registry.consul.ConsulRegistry.doRegister(ConsulRegistry.java:77)
	at com.alibaba.dubbo.registry.support.FailbackRegistry.register(FailbackRegistry.java:130)
	... 30 more
Caused by: org.apache.http.conn.HttpHostConnectException: Connect to localhost:8500 [localhost/127.0.0.1] failed: Connection refused: connect
	at org.apache.http.impl.conn.DefaultHttpClientConnectionOperator.connect(DefaultHttpClientConnectionOperator.java:159)
	at org.apache.http.impl.conn.PoolingHttpClientConnectionManager.connect(PoolingHttpClientConnectionManager.java:373)
	at org.apache.http.impl.execchain.MainClientExec.establishRoute(MainClientExec.java:381)
	at org.apache.http.impl.execchain.MainClientExec.execute(MainClientExec.java:237)
	at org.apache.http.impl.execchain.ProtocolExec.execute(ProtocolExec.java:185)
	at org.apache.http.impl.execchain.RetryExec.execute(RetryExec.java:89)
	at org.apache.http.impl.execchain.RedirectExec.execute(RedirectExec.java:111)
	at org.apache.http.impl.client.InternalHttpClient.doExecute(InternalHttpClient.java:185)
	at org.apache.http.impl.client.CloseableHttpClient.execute(CloseableHttpClient.java:72)
	at org.apache.http.impl.client.CloseableHttpClient.execute(CloseableHttpClient.java:221)
	at org.apache.http.impl.client.CloseableHttpClient.execute(CloseableHttpClient.java:165)
	at org.apache.http.impl.client.CloseableHttpClient.execute(CloseableHttpClient.java:140)
	at com.ecwid.consul.transport.AbstractHttpTransport.executeRequest(AbstractHttpTransport.java:61)
	... 37 more
Caused by: java.net.ConnectException: Connection refused: connect
	at java.net.DualStackPlainSocketImpl.waitForConnect(Native Method)
	at java.net.DualStackPlainSocketImpl.socketConnect(DualStackPlainSocketImpl.java:85)
	at java.net.AbstractPlainSocketImpl.doConnect(AbstractPlainSocketImpl.java:350)
	at java.net.AbstractPlainSocketImpl.connectToAddress(AbstractPlainSocketImpl.java:206)
	at java.net.AbstractPlainSocketImpl.connect(AbstractPlainSocketImpl.java:188)
	at java.net.PlainSocketImpl.connect(PlainSocketImpl.java:172)
	at java.net.SocksSocketImpl.connect(SocksSocketImpl.java:392)
	at java.net.Socket.connect(Socket.java:589)
	at org.apache.http.conn.socket.PlainConnectionSocketFactory.connectSocket(PlainConnectionSocketFactory.java:75)
	at org.apache.http.impl.conn.DefaultHttpClientConnectionOperator.connect(DefaultHttpClientConnectionOperator.java:142)
	... 49 more
</error>
    <system-out>17:17:37.298 [main] INFO com.alibaba.dubbo.registry.consul.ConsulRegistry -  [DUBBO] Load registry store file C:\Users\fei.chen\.dubbo\dubbo-registry-localhost.cache, data: {com.alibaba.dubbo.examples.generic.api.IUserService=empty://172.16.200.64:20880/com.alibaba.dubbo.examples.generic.api.IUserService?anyhost=true&amp;application=generic-generic&amp;category=configurators&amp;check=false&amp;deprecated=true&amp;dubbo=2.0.0&amp;generic=false&amp;interface=com.alibaba.dubbo.examples.generic.api.IUserService&amp;methods=get&amp;pid=2712&amp;side=provider&amp;timestamp=1545094423814, com.alibaba.dubbo.examples.validation.api.ValidationService=empty://172.16.200.64/com.alibaba.dubbo.examples.validation.api.ValidationService?application=validation-consumer&amp;category=configurators&amp;dubbo=2.0.0&amp;interface=com.alibaba.dubbo.examples.validation.api.ValidationService&amp;methods=save,update,delete&amp;pid=11900&amp;save.retries=5&amp;side=consumer&amp;timeout=3000&amp;timestamp=1545093979225&amp;validation=true empty://172.16.200.64/com.alibaba.dubbo.examples.validation.api.ValidationService?application=validation-consumer&amp;category=routers&amp;dubbo=2.0.0&amp;interface=com.alibaba.dubbo.examples.validation.api.ValidationService&amp;methods=save,update,delete&amp;pid=11900&amp;save.retries=5&amp;side=consumer&amp;timeout=3000&amp;timestamp=1545093979225&amp;validation=true empty://172.16.200.64/com.alibaba.dubbo.examples.validation.api.ValidationService?application=validation-consumer&amp;category=providers&amp;dubbo=2.0.0&amp;interface=com.alibaba.dubbo.examples.validation.api.ValidationService&amp;methods=save,update,delete&amp;pid=11900&amp;save.retries=5&amp;side=consumer&amp;timeout=3000&amp;timestamp=1545093979225&amp;validation=true}, dubbo version: 3.0.0-SNAPSHOT, current host: 127.0.0.1
17:17:37.299 [main] INFO com.alibaba.dubbo.registry.consul.ConsulRegistry -  [DUBBO] Register: dubbo://192.168.11.1:20880/com.alibaba.dubbo.test.injvmServie?methods=test1,test2&amp;notify=false, dubbo version: 3.0.0-SNAPSHOT, current host: 127.0.0.1
</system-out>
  </testcase>
  <testcase classname="com.alibaba.dubbo.registry.consul.ConsulRegistryTest" name="testSubscribe" time="0.001"/>
</testsuite>